#
# There is insufficient memory for the Java Runtime Environment to continue.
# Native memory allocation (mmap) failed to map 130023424 bytes for G1 virtual space
# Possible reasons:
#   The system is out of physical RAM or swap space
#   The process is running with CompressedOops enabled, and the Java Heap may be blocking the growth of the native heap
# Possible solutions:
#   Reduce memory load on the system
#   Increase physical memory or swap space
#   Check if swap backing store is full
#   Decrease Java heap size (-Xmx/-Xms)
#   Decrease number of Java threads
#   Decrease Java thread stack sizes (-Xss)
#   Set larger code cache with -XX:ReservedCodeCacheSize=
#   JVM is running with Unscaled Compressed Oops mode in which the Java heap is
#     placed in the first 4GB address space. The Java Heap base address is the
#     maximum limit for the native heap growth. Please use -XX:HeapBaseMinAddress
#     to set the Java Heap base and to place the Java Heap above 4GB virtual address.
# This output file may be truncated or incomplete.
#
#  Out of Memory Error (os_windows.cpp:3557), pid=12192, tid=1148
#
# JRE version:  (17.0.6+10) (build )
# Java VM: OpenJDK 64-Bit Server VM (17.0.6+10-LTS, mixed mode, sharing, tiered, compressed oops, compressed class ptrs, g1 gc, windows-amd64)
# No core dump will be written. Minidumps are not enabled by default on client versions of Windows
#

---------------  S U M M A R Y ------------

Command Line: -javaagent:C:\Users\Alina\AppData\Local\JetBrains\Toolbox\apps\IDEA-C\ch-0\223.8617.56\lib\idea_rt.jar=51238:C:\Users\Alina\AppData\Local\JetBrains\Toolbox\apps\IDEA-C\ch-0\223.8617.56\bin -Dfile.encoding=UTF-8 com.sda.she_likes_java.strings.StringsExample

Host: 11th Gen Intel(R) Core(TM) i5-1135G7 @ 2.40GHz, 8 cores, 7G,  Windows 10 , 64 bit Build 18362 (10.0.18362.329)
Time: Wed Mar 22 20:08:06 2023 Восточная Европа (зима) elapsed time: 0.012541 seconds (0d 0h 0m 0s)

---------------  T H R E A D  ---------------

Current thread (0x0000029ec34825f0):  JavaThread "Unknown thread" [_thread_in_vm, id=1148, stack(0x000000cb9df00000,0x000000cb9e000000)]

Stack: [0x000000cb9df00000,0x000000cb9e000000]
Native frames: (J=compiled Java code, j=interpreted, Vv=VM code, C=native code)
V  [jvm.dll+0x67c72a]
V  [jvm.dll+0x83a2c4]
V  [jvm.dll+0x83ba6e]
V  [jvm.dll+0x83c0d3]
V  [jvm.dll+0x249415]
V  [jvm.dll+0x679659]
V  [jvm.dll+0x66dd0a]
V  [jvm.dll+0x3083eb]
V  [jvm.dll+0x30f8a6]
V  [jvm.dll+0x35f9ee]
V  [jvm.dll+0x35fc1f]
V  [jvm.dll+0x2df398]
V  [jvm.dll+0x2e0304]
V  [jvm.dll+0x80bc11]
V  [jvm.dll+0x36d7a1]
V  [jvm.dll+0x7eb07c]
V  [jvm.dll+0x3efb8f]
V  [jvm.dll+0x3f16d1]
C  [jli.dll+0x530b]
C  [ucrtbase.dll+0x20e72]
C  [KERNEL32.DLL+0x17bd4]
C  [ntdll.dll+0x6ced1]


---------------  P R O C E S S  ---------------

Threads class SMR info:
_java_thread_list=0x00007ffc541f30d8, length=0, elements={
}

Java Threads: ( => current thread )

Other Threads:
  0x0000029ec34dc670 GCTaskThread "GC Thread#0" [stack: 0x000000cb9e000000,0x000000cb9e100000] [id=5128]
  0x0000029ec34eebe0 ConcurrentGCThread "G1 Main Marker" [stack: 0x000000cb9e100000,0x000000cb9e200000] [id=8732]
  0x0000029ec34efc90 ConcurrentGCThread "G1 Conc#0" [stack: 0x000000cb9e200000,0x000000cb9e300000] [id=8760]

[error occurred during error reporting (printing all threads), id 0xc0000005, EXCEPTION_ACCESS_VIOLATION (0xc0000005) at pc=0x00007ffc539afd57]

VM state: not at safepoint (not fully initialized)

VM Mutex/Monitor currently owned by a thread:  ([mutex/lock_event])
[0x0000029ec347df30] Heap_lock - owner thread: 0x0000029ec34825f0

Heap address: 0x0000000084e00000, size: 1970 MB, Compressed Oops mode: 32-bit

CDS archive(s) mapped at: [0x0000000000000000-0x0000000000000000-0x0000000000000000), size 0, SharedBaseAddress: 0x0000000800000000, ArchiveRelocationMode: 0.
Narrow klass base: 0x0000000000000000, Narrow klass shift: 0, Narrow klass range: 0x0

GC Precious Log:
<Empty>

Heap:
 garbage-first heap   total 0K, used 0K [0x0000000084e00000, 0x0000000100000000)
  region size 1024K, 0 young (0K), 0 survivors (0K)

[error occurred during error reporting (printing heap information), id 0xc0000005, EXCEPTION_ACCESS_VIOLATION (0xc0000005) at pc=0x00007ffc53d95b69]

GC Heap History (0 events):
No events

Dll operation events (1 events):
Event: 0.004 Loaded shared library C:\Users\Alina\.jdks\azul-17.0.6\bin\java.dll

Deoptimization events (0 events):
No events

Classes unloaded (0 events):
No events

Classes redefined (0 events):
No events

Internal exceptions (0 events):
No events

VM Operations (0 events):
No events

Events (0 events):
No events


Dynamic libraries:
0x00007ff6eeef0000 - 0x00007ff6eeefe000 	C:\Users\Alina\.jdks\azul-17.0.6\bin\java.exe
0x00007ffc860c0000 - 0x00007ffc862b0000 	C:\Windows\SYSTEM32\ntdll.dll
0x00007ffc7f0a0000 - 0x00007ffc7f0b9000 	C:\Program Files\Avast Software\Avast\aswhook.dll
0x00007ffc855e0000 - 0x00007ffc85692000 	C:\Windows\System32\KERNEL32.DLL
0x00007ffc83f00000 - 0x00007ffc841a3000 	C:\Windows\System32\KERNELBASE.dll
0x00007ffc83290000 - 0x00007ffc8338a000 	C:\Windows\System32\ucrtbase.dll
0x00007ffc80a60000 - 0x00007ffc80a78000 	C:\Users\Alina\.jdks\azul-17.0.6\bin\jli.dll
0x00007ffc7b3b0000 - 0x00007ffc7b3cb000 	C:\Users\Alina\.jdks\azul-17.0.6\bin\VCRUNTIME140.dll
0x00007ffc84f60000 - 0x00007ffc850f4000 	C:\Windows\System32\USER32.dll
0x00007ffc835b0000 - 0x00007ffc835d1000 	C:\Windows\System32\win32u.dll
0x00007ffc6d340000 - 0x00007ffc6d5c5000 	C:\Windows\WinSxS\amd64_microsoft.windows.common-controls_6595b64144ccf1df_6.0.18362.535_none_e6c3b34713100821\COMCTL32.dll
0x00007ffc85170000 - 0x00007ffc85196000 	C:\Windows\System32\GDI32.dll
0x00007ffc845d0000 - 0x00007ffc8466e000 	C:\Windows\System32\msvcrt.dll
0x00007ffc830f0000 - 0x00007ffc83284000 	C:\Windows\System32\gdi32full.dll
0x00007ffc841b0000 - 0x00007ffc844e6000 	C:\Windows\System32\combase.dll
0x00007ffc833c0000 - 0x00007ffc8345e000 	C:\Windows\System32\msvcp_win.dll
0x00007ffc84c90000 - 0x00007ffc84db0000 	C:\Windows\System32\RPCRT4.dll
0x00007ffc836b0000 - 0x00007ffc83730000 	C:\Windows\System32\bcryptPrimitives.dll
0x00007ffc847f0000 - 0x00007ffc8481e000 	C:\Windows\System32\IMM32.DLL
0x00007ffc7e740000 - 0x00007ffc7e74c000 	C:\Users\Alina\.jdks\azul-17.0.6\bin\vcruntime140_1.dll
0x00007ffc6bab0000 - 0x00007ffc6bb3d000 	C:\Users\Alina\.jdks\azul-17.0.6\bin\msvcp140.dll
0x00007ffc536c0000 - 0x00007ffc54325000 	C:\Users\Alina\.jdks\azul-17.0.6\bin\server\jvm.dll
0x00007ffc85460000 - 0x00007ffc85503000 	C:\Windows\System32\ADVAPI32.dll
0x00007ffc853c0000 - 0x00007ffc85457000 	C:\Windows\System32\sechost.dll
0x00007ffc80c40000 - 0x00007ffc80c64000 	C:\Windows\SYSTEM32\WINMM.dll
0x00007ffc7d990000 - 0x00007ffc7d99a000 	C:\Windows\SYSTEM32\VERSION.dll
0x00007ffc705e0000 - 0x00007ffc705e9000 	C:\Windows\SYSTEM32\WSOCK32.dll
0x00007ffc84560000 - 0x00007ffc845cf000 	C:\Windows\System32\WS2_32.dll
0x00007ffc804d0000 - 0x00007ffc804fd000 	C:\Windows\SYSTEM32\winmmbase.dll
0x00007ffc83eb0000 - 0x00007ffc83efa000 	C:\Windows\System32\cfgmgr32.dll
0x00007ffc82fe0000 - 0x00007ffc82ff1000 	C:\Windows\System32\kernel.appcore.dll
0x00007ffc7e180000 - 0x00007ffc7e18a000 	C:\Users\Alina\.jdks\azul-17.0.6\bin\jimage.dll
0x00007ffc81900000 - 0x00007ffc81af4000 	C:\Windows\SYSTEM32\DBGHELP.DLL
0x00007ffc7b3d0000 - 0x00007ffc7b3fa000 	C:\Windows\SYSTEM32\dbgcore.DLL
0x00007ffc7a130000 - 0x00007ffc7a13e000 	C:\Users\Alina\.jdks\azul-17.0.6\bin\instrument.dll
0x00007ffc7a140000 - 0x00007ffc7a165000 	C:\Users\Alina\.jdks\azul-17.0.6\bin\java.dll

dbghelp: loaded successfully - version: 4.0.5 - missing functions: none
symbol engine: initialized successfully - sym options: 0x614 - pdb path: .;C:\Users\Alina\.jdks\azul-17.0.6\bin;C:\Windows\SYSTEM32;C:\Program Files\Avast Software\Avast;C:\Windows\WinSxS\amd64_microsoft.windows.common-controls_6595b64144ccf1df_6.0.18362.535_none_e6c3b34713100821;C:\Users\Alina\.jdks\azul-17.0.6\bin\server

VM Arguments:
jvm_args: -javaagent:C:\Users\Alina\AppData\Local\JetBrains\Toolbox\apps\IDEA-C\ch-0\223.8617.56\lib\idea_rt.jar=51238:C:\Users\Alina\AppData\Local\JetBrains\Toolbox\apps\IDEA-C\ch-0\223.8617.56\bin -Dfile.encoding=UTF-8 
java_command: com.sda.she_likes_java.strings.StringsExample
java_class_path (initial): C:\Users\Alina\IdeaProjects\she-likes-java\out\production\she-likes-java
Launcher Type: SUN_STANDARD

[Global flags]
     intx CICompilerCount                          = 4                                         {product} {ergonomic}
     uint ConcGCThreads                            = 2                                         {product} {ergonomic}
     uint G1ConcRefinementThreads                  = 8                                         {product} {ergonomic}
   size_t G1HeapRegionSize                         = 1048576                                   {product} {ergonomic}
    uintx GCDrainStackTargetSize                   = 64                                        {product} {ergonomic}
   size_t InitialHeapSize                          = 130023424                                 {product} {ergonomic}
   size_t MarkStackSize                            = 4194304                                   {product} {ergonomic}
   size_t MaxHeapSize                              = 2065694720                                {product} {ergonomic}
   size_t MinHeapDeltaBytes                        = 1048576                                   {product} {ergonomic}
   size_t MinHeapSize                              = 8388608                                   {product} {ergonomic}
    uintx NonNMethodCodeHeapSize                   = 5839372                                {pd product} {ergonomic}
    uintx NonProfiledCodeHeapSize                  = 122909434                              {pd product} {ergonomic}
    uintx ProfiledCodeHeapSize                     = 122909434                              {pd product} {ergonomic}
    uintx ReservedCodeCacheSize                    = 251658240                              {pd product} {ergonomic}
     bool SegmentedCodeCache                       = true                                      {product} {ergonomic}
   size_t SoftMaxHeapSize                          = 2065694720                             {manageable} {ergonomic}
     bool UseCompressedClassPointers               = true                           {product lp64_product} {ergonomic}
     bool UseCompressedOops                        = true                           {product lp64_product} {ergonomic}
     bool UseG1GC                                  = true                                      {product} {ergonomic}
     bool UseLargePagesIndividualAllocation        = false                                  {pd product} {ergonomic}

Logging:
Log output configuration:
 #0: stdout all=warning uptime,level,tags
 #1: stderr all=off uptime,level,tags

Environment Variables:
PATH=C:\Program Files (x86)\Common Files\Intel\Shared Libraries\redist\intel64\compiler;C:\Windows\system32;C:\Windows;C:\Windows\System32\Wbem;C:\Windows\System32\WindowsPowerShell\v1.0\;C:\Program Files\Git\cmd;C:\Users\Alina\AppData\Local\Microsoft\WindowsApps;C:\Users\Alina\AppData\Local\JetBrains\Toolbox\scripts
USERNAME=Alina
OS=Windows_NT
PROCESSOR_IDENTIFIER=Intel64 Family 6 Model 140 Stepping 1, GenuineIntel
TMP=C:\Temp
TEMP=C:\Temp



---------------  S Y S T E M  ---------------

OS:
 Windows 10 , 64 bit Build 18362 (10.0.18362.329)
OS uptime: 0 days 5:20 hours

CPU: total 8 (initial active 8) (4 cores per cpu, 2 threads per core) family 6 model 140 stepping 1 microcode 0x86, cx8, cmov, fxsr, ht, mmx, 3dnowpref, sse, sse2, sse3, ssse3, sse4.1, sse4.2, popcnt, lzcnt, tsc, tscinvbit, avx, avx2, aes, erms, clmul, bmi1, bmi2, adx, avx512f, avx512dq, avx512cd, avx512bw, avx512vl, sha, fma, vzeroupper, avx512_vpopcntdq, avx512_vpclmulqdq, avx512_vaes, avx512_vnni, clflush, clflushopt, clwb, avx512_vbmi2, avx512_vbmi

Memory: 4k page, system-wide physical 7874M (419M free)
TotalPageFile size 7874M (AvailPageFile size 112M)
current process WorkingSet (physical memory assigned to process): 10M, peak: 10M
current process commit charge ("private bytes"): 60M, peak: 184M

vm_info: OpenJDK 64-Bit Server VM (17.0.6+10-LTS) for windows-amd64 JRE (17.0.6+10-LTS) (Zulu17.40+19-CA), built on Jan  4 2023 14:58:55 by "zulu_re" with MS VC++ 16.10 / 16.11 (VS2019)

END.
